#-----------------------------------------------------------
# PlanAhead v14.7 (64-bit)
# Build 321239 by xbuild on Fri Sep 27 19:29:51 MDT 2013
# Start of session at: Wed Apr 29 23:23:11 2015
# Process ID: 54380
# Log file: C:/Users/LEE/Desktop/project_3/planAhead.log
# Journal file: C:/Users/LEE/Desktop/project_3\planAhead.jou
#-----------------------------------------------------------
INFO: [Common 17-78] Attempting to get a license: PlanAhead
INFO: [Common 17-290] Got license for PlanAhead
INFO: [Device 21-36] Loading parts and site information from C:/Xilinx/14.7/ISE_DS/PlanAhead/data/parts/arch.xml
Parsing RTL primitives file [C:/Xilinx/14.7/ISE_DS/PlanAhead/data/parts/xilinx/rtl/prims/rtl_prims.xml]
Finished parsing RTL primitives file [C:/Xilinx/14.7/ISE_DS/PlanAhead/data/parts/xilinx/rtl/prims/rtl_prims.xml]
start_gui
open_project {C:\Users\LEE\Desktop\project_3\project_3.ppr}
Scanning sources...
Finished scanning sources
exit
INFO: [Common 17-206] Exiting PlanAhead at Wed Apr 29 23:23:42 2015...
INFO: [Common 17-83] Releasing license: PlanAhead
