#-----------------------------------------------------------
# PlanAhead v14.7 (64-bit)
# Build 321239 by xbuild on Fri Sep 27 19:29:51 MDT 2013
# Start of session at: Wed Apr 29 09:58:31 2015
# Process ID: 33264
# Log file: C:/Users/LEE/Desktop/project_3/planAhead.log
# Journal file: C:/Users/LEE/Desktop/project_3\planAhead.jou
#-----------------------------------------------------------
INFO: [Common 17-78] Attempting to get a license: PlanAhead
INFO: [Common 17-290] Got license for PlanAhead
INFO: [Device 21-36] Loading parts and site information from C:/Xilinx/14.7/ISE_DS/PlanAhead/data/parts/arch.xml
Parsing RTL primitives file [C:/Xilinx/14.7/ISE_DS/PlanAhead/data/parts/xilinx/rtl/prims/rtl_prims.xml]
Finished parsing RTL primitives file [C:/Xilinx/14.7/ISE_DS/PlanAhead/data/parts/xilinx/rtl/prims/rtl_prims.xml]
start_gui
open_project {C:\Users\LEE\Desktop\project_3\project_3.ppr}
Scanning sources...
Finished scanning sources
open_project: Time (s): elapsed = 00:00:11 . Memory (MB): peak = 419.281 ; gain = 64.051
reset_run synth_1
launch_runs synth_1
[Wed Apr 29 10:00:07 2015] Launched synth_1...
Run output will be captured here: C:/Users/LEE/Desktop/project_3/project_3.runs/synth_1/runme.log
reset_run synth_1
launch_runs synth_1
[Wed Apr 29 10:00:35 2015] Launched synth_1...
Run output will be captured here: C:/Users/LEE/Desktop/project_3/project_3.runs/synth_1/runme.log
reset_run synth_1
launch_runs synth_1
[Wed Apr 29 10:01:25 2015] Launched synth_1...
Run output will be captured here: C:/Users/LEE/Desktop/project_3/project_3.runs/synth_1/runme.log
reset_run synth_1
launch_runs synth_1
[Wed Apr 29 10:03:59 2015] Launched synth_1...
Run output will be captured here: C:/Users/LEE/Desktop/project_3/project_3.runs/synth_1/runme.log
reset_run synth_1
launch_runs synth_1
[Wed Apr 29 10:05:30 2015] Launched synth_1...
Run output will be captured here: C:/Users/LEE/Desktop/project_3/project_3.runs/synth_1/runme.log
reset_run synth_1
launch_runs synth_1
[Wed Apr 29 10:06:14 2015] Launched synth_1...
Run output will be captured here: C:/Users/LEE/Desktop/project_3/project_3.runs/synth_1/runme.log
reset_run synth_1
launch_runs synth_1
[Wed Apr 29 10:27:34 2015] Launched synth_1...
Run output will be captured here: C:/Users/LEE/Desktop/project_3/project_3.runs/synth_1/runme.log
reset_run synth_1
launch_runs synth_1
[Wed Apr 29 10:28:43 2015] Launched synth_1...
Run output will be captured here: C:/Users/LEE/Desktop/project_3/project_3.runs/synth_1/runme.log
reset_run synth_1
launch_runs synth_1
[Wed Apr 29 11:11:41 2015] Launched synth_1...
Run output will be captured here: C:/Users/LEE/Desktop/project_3/project_3.runs/synth_1/runme.log
reset_run synth_1
launch_runs synth_1
[Wed Apr 29 11:12:32 2015] Launched synth_1...
Run output will be captured here: C:/Users/LEE/Desktop/project_3/project_3.runs/synth_1/runme.log
reset_run synth_1
launch_runs synth_1
[Wed Apr 29 11:13:15 2015] Launched synth_1...
Run output will be captured here: C:/Users/LEE/Desktop/project_3/project_3.runs/synth_1/runme.log
reset_run synth_1
launch_runs synth_1
[Wed Apr 29 11:13:55 2015] Launched synth_1...
Run output will be captured here: C:/Users/LEE/Desktop/project_3/project_3.runs/synth_1/runme.log
reset_run synth_1
launch_runs synth_1
[Wed Apr 29 11:14:33 2015] Launched synth_1...
Run output will be captured here: C:/Users/LEE/Desktop/project_3/project_3.runs/synth_1/runme.log
reset_run synth_1
launch_runs synth_1
[Wed Apr 29 11:21:29 2015] Launched synth_1...
Run output will be captured here: C:/Users/LEE/Desktop/project_3/project_3.runs/synth_1/runme.log
reset_run synth_1
launch_runs synth_1
[Wed Apr 29 11:22:09 2015] Launched synth_1...
Run output will be captured here: C:/Users/LEE/Desktop/project_3/project_3.runs/synth_1/runme.log
reset_run synth_1
launch_runs synth_1
[Wed Apr 29 13:19:16 2015] Launched synth_1...
Run output will be captured here: C:/Users/LEE/Desktop/project_3/project_3.runs/synth_1/runme.log
reset_run synth_1
launch_runs synth_1
[Wed Apr 29 13:21:01 2015] Launched synth_1...
Run output will be captured here: C:/Users/LEE/Desktop/project_3/project_3.runs/synth_1/runme.log
reset_run synth_1
launch_runs synth_1
[Wed Apr 29 13:23:36 2015] Launched synth_1...
Run output will be captured here: C:/Users/LEE/Desktop/project_3/project_3.runs/synth_1/runme.log
reset_run synth_1
launch_runs synth_1
[Wed Apr 29 13:25:02 2015] Launched synth_1...
Run output will be captured here: C:/Users/LEE/Desktop/project_3/project_3.runs/synth_1/runme.log
reset_run synth_1
launch_runs synth_1
[Wed Apr 29 13:30:09 2015] Launched synth_1...
Run output will be captured here: C:/Users/LEE/Desktop/project_3/project_3.runs/synth_1/runme.log
reset_run synth_1
launch_runs synth_1
[Wed Apr 29 13:31:33 2015] Launched synth_1...
Run output will be captured here: C:/Users/LEE/Desktop/project_3/project_3.runs/synth_1/runme.log
reset_run synth_1
launch_runs synth_1
[Wed Apr 29 13:32:02 2015] Launched synth_1...
Run output will be captured here: C:/Users/LEE/Desktop/project_3/project_3.runs/synth_1/runme.log
reset_run synth_1
launch_runs synth_1
[Wed Apr 29 13:33:26 2015] Launched synth_1...
Run output will be captured here: C:/Users/LEE/Desktop/project_3/project_3.runs/synth_1/runme.log
reset_run synth_1
launch_runs synth_1
[Wed Apr 29 13:34:05 2015] Launched synth_1...
Run output will be captured here: C:/Users/LEE/Desktop/project_3/project_3.runs/synth_1/runme.log
reset_run synth_1
launch_runs synth_1
[Wed Apr 29 13:37:31 2015] Launched synth_1...
Run output will be captured here: C:/Users/LEE/Desktop/project_3/project_3.runs/synth_1/runme.log
reset_run synth_1
launch_runs synth_1
[Wed Apr 29 13:38:01 2015] Launched synth_1...
Run output will be captured here: C:/Users/LEE/Desktop/project_3/project_3.runs/synth_1/runme.log
reset_run synth_1
launch_runs synth_1
[Wed Apr 29 13:43:17 2015] Launched synth_1...
Run output will be captured here: C:/Users/LEE/Desktop/project_3/project_3.runs/synth_1/runme.log
reset_run synth_1
launch_runs synth_1
[Wed Apr 29 13:52:00 2015] Launched synth_1...
Run output will be captured here: C:/Users/LEE/Desktop/project_3/project_3.runs/synth_1/runme.log
reset_run synth_1
launch_runs synth_1
[Wed Apr 29 13:52:50 2015] Launched synth_1...
Run output will be captured here: C:/Users/LEE/Desktop/project_3/project_3.runs/synth_1/runme.log
reset_run synth_1
launch_runs synth_1
[Wed Apr 29 13:54:06 2015] Launched synth_1...
Run output will be captured here: C:/Users/LEE/Desktop/project_3/project_3.runs/synth_1/runme.log
reset_run synth_1
launch_runs synth_1
[Wed Apr 29 13:54:56 2015] Launched synth_1...
Run output will be captured here: C:/Users/LEE/Desktop/project_3/project_3.runs/synth_1/runme.log
reset_run synth_1
launch_runs synth_1
[Wed Apr 29 13:56:35 2015] Launched synth_1...
Run output will be captured here: C:/Users/LEE/Desktop/project_3/project_3.runs/synth_1/runme.log
reset_run synth_1
launch_runs synth_1
[Wed Apr 29 14:01:02 2015] Launched synth_1...
Run output will be captured here: C:/Users/LEE/Desktop/project_3/project_3.runs/synth_1/runme.log
reset_run synth_1
launch_runs synth_1
[Wed Apr 29 14:02:20 2015] Launched synth_1...
Run output will be captured here: C:/Users/LEE/Desktop/project_3/project_3.runs/synth_1/runme.log
reset_run synth_1
launch_runs synth_1
[Wed Apr 29 14:03:21 2015] Launched synth_1...
Run output will be captured here: C:/Users/LEE/Desktop/project_3/project_3.runs/synth_1/runme.log
reset_run synth_1
launch_runs synth_1
[Wed Apr 29 14:03:58 2015] Launched synth_1...
Run output will be captured here: C:/Users/LEE/Desktop/project_3/project_3.runs/synth_1/runme.log
reset_run synth_1
launch_runs synth_1
[Wed Apr 29 14:05:26 2015] Launched synth_1...
Run output will be captured here: C:/Users/LEE/Desktop/project_3/project_3.runs/synth_1/runme.log
reset_run synth_1
launch_runs synth_1
[Wed Apr 29 14:06:37 2015] Launched synth_1...
Run output will be captured here: C:/Users/LEE/Desktop/project_3/project_3.runs/synth_1/runme.log
reset_run synth_1
launch_runs synth_1
[Wed Apr 29 14:13:54 2015] Launched synth_1...
Run output will be captured here: C:/Users/LEE/Desktop/project_3/project_3.runs/synth_1/runme.log
reset_run synth_1
launch_runs synth_1
[Wed Apr 29 14:14:37 2015] Launched synth_1...
Run output will be captured here: C:/Users/LEE/Desktop/project_3/project_3.runs/synth_1/runme.log
reset_run synth_1
launch_runs synth_1
[Wed Apr 29 14:15:36 2015] Launched synth_1...
Run output will be captured here: C:/Users/LEE/Desktop/project_3/project_3.runs/synth_1/runme.log
reset_run synth_1
launch_runs synth_1
[Wed Apr 29 14:16:50 2015] Launched synth_1...
Run output will be captured here: C:/Users/LEE/Desktop/project_3/project_3.runs/synth_1/runme.log
reset_run synth_1
launch_runs synth_1
[Wed Apr 29 14:21:34 2015] Launched synth_1...
Run output will be captured here: C:/Users/LEE/Desktop/project_3/project_3.runs/synth_1/runme.log
reset_run synth_1
launch_runs synth_1
[Wed Apr 29 14:22:10 2015] Launched synth_1...
Run output will be captured here: C:/Users/LEE/Desktop/project_3/project_3.runs/synth_1/runme.log
reset_run synth_1
launch_runs synth_1
[Wed Apr 29 14:23:19 2015] Launched synth_1...
Run output will be captured here: C:/Users/LEE/Desktop/project_3/project_3.runs/synth_1/runme.log
reset_run synth_1
launch_runs synth_1
[Wed Apr 29 14:23:44 2015] Launched synth_1...
Run output will be captured here: C:/Users/LEE/Desktop/project_3/project_3.runs/synth_1/runme.log
reset_run synth_1
launch_runs synth_1
[Wed Apr 29 14:24:42 2015] Launched synth_1...
Run output will be captured here: C:/Users/LEE/Desktop/project_3/project_3.runs/synth_1/runme.log
reset_run synth_1
launch_runs synth_1
[Wed Apr 29 14:29:30 2015] Launched synth_1...
Run output will be captured here: C:/Users/LEE/Desktop/project_3/project_3.runs/synth_1/runme.log
reset_run synth_1
launch_runs synth_1
[Wed Apr 29 14:33:05 2015] Launched synth_1...
Run output will be captured here: C:/Users/LEE/Desktop/project_3/project_3.runs/synth_1/runme.log
reset_run synth_1
launch_runs synth_1
[Wed Apr 29 14:33:27 2015] Launched synth_1...
Run output will be captured here: C:/Users/LEE/Desktop/project_3/project_3.runs/synth_1/runme.log
reset_run synth_1
launch_runs synth_1
[Wed Apr 29 14:34:21 2015] Launched synth_1...
Run output will be captured here: C:/Users/LEE/Desktop/project_3/project_3.runs/synth_1/runme.log
reset_run synth_1
launch_runs synth_1
[Wed Apr 29 14:39:50 2015] Launched synth_1...
Run output will be captured here: C:/Users/LEE/Desktop/project_3/project_3.runs/synth_1/runme.log
reset_run synth_1
launch_runs synth_1
[Wed Apr 29 14:40:46 2015] Launched synth_1...
Run output will be captured here: C:/Users/LEE/Desktop/project_3/project_3.runs/synth_1/runme.log
reset_run synth_1
launch_runs synth_1
[Wed Apr 29 14:41:24 2015] Launched synth_1...
Run output will be captured here: C:/Users/LEE/Desktop/project_3/project_3.runs/synth_1/runme.log
reset_run synth_1
launch_runs synth_1
[Wed Apr 29 14:42:10 2015] Launched synth_1...
Run output will be captured here: C:/Users/LEE/Desktop/project_3/project_3.runs/synth_1/runme.log
reset_run synth_1
launch_runs synth_1
[Wed Apr 29 14:43:06 2015] Launched synth_1...
Run output will be captured here: C:/Users/LEE/Desktop/project_3/project_3.runs/synth_1/runme.log
reset_run synth_1
launch_runs synth_1
[Wed Apr 29 14:43:45 2015] Launched synth_1...
Run output will be captured here: C:/Users/LEE/Desktop/project_3/project_3.runs/synth_1/runme.log
reset_run synth_1
launch_runs synth_1
[Wed Apr 29 14:47:05 2015] Launched synth_1...
Run output will be captured here: C:/Users/LEE/Desktop/project_3/project_3.runs/synth_1/runme.log
reset_run synth_1
launch_runs synth_1
[Wed Apr 29 14:47:36 2015] Launched synth_1...
Run output will be captured here: C:/Users/LEE/Desktop/project_3/project_3.runs/synth_1/runme.log
reset_run synth_1
launch_runs synth_1
[Wed Apr 29 14:48:44 2015] Launched synth_1...
Run output will be captured here: C:/Users/LEE/Desktop/project_3/project_3.runs/synth_1/runme.log
reset_run synth_1
launch_runs synth_1
[Wed Apr 29 14:51:22 2015] Launched synth_1...
Run output will be captured here: C:/Users/LEE/Desktop/project_3/project_3.runs/synth_1/runme.log
reset_run synth_1
launch_runs synth_1
[Wed Apr 29 15:06:12 2015] Launched synth_1...
Run output will be captured here: C:/Users/LEE/Desktop/project_3/project_3.runs/synth_1/runme.log
reset_run synth_1
launch_runs synth_1
[Wed Apr 29 15:07:03 2015] Launched synth_1...
Run output will be captured here: C:/Users/LEE/Desktop/project_3/project_3.runs/synth_1/runme.log
reset_run synth_1
launch_runs synth_1
[Wed Apr 29 15:08:54 2015] Launched synth_1...
Run output will be captured here: C:/Users/LEE/Desktop/project_3/project_3.runs/synth_1/runme.log
reset_run synth_1
launch_runs synth_1
[Wed Apr 29 15:29:33 2015] Launched synth_1...
Run output will be captured here: C:/Users/LEE/Desktop/project_3/project_3.runs/synth_1/runme.log
reset_run synth_1
launch_runs synth_1
[Wed Apr 29 15:30:12 2015] Launched synth_1...
Run output will be captured here: C:/Users/LEE/Desktop/project_3/project_3.runs/synth_1/runme.log
reset_run synth_1
launch_runs synth_1
[Wed Apr 29 15:57:06 2015] Launched synth_1...
Run output will be captured here: C:/Users/LEE/Desktop/project_3/project_3.runs/synth_1/runme.log
exit
INFO: [Common 17-206] Exiting PlanAhead at Wed Apr 29 15:57:39 2015...
INFO: [Common 17-83] Releasing license: PlanAhead
