Running: fuse.exe -relaunch -intstyle "pa" -incremental -L "work" -L "secureip" -o "testbench.exe" --prj "C:/Users/LEE/Desktop/project_3/project_3.sim/sim_1/behav/testbench.prj" -top "work.testbench" 
ISim P.20131013 (signature 0x7708f090)
Number of CPUs detected in this system: 4
Turning on mult-threading, number of parallel sub-compilation jobs: 8 
Determining compilation order of HDL files
Analyzing Verilog file "C:/Xilinx/14.7/ISE_DS/PlanAhead/data/verilog/src/glbl.v" into library work
Parsing VHDL file "C:/Users/LEE/Desktop/project_3/project_3.srcs/sources_1/imports/Question1-2/Transmitter.vhd" into library work
Parsing VHDL file "C:/Users/LEE/Desktop/project_3/project_3.srcs/sources_1/imports/Question1-2/Receiver.vhd" into library work
Parsing VHDL file "C:/Users/LEE/Desktop/project_3/project_3.srcs/sources_1/imports/Question1-2/FSM.vhd" into library work
Parsing VHDL file "C:/Users/LEE/Desktop/project_3/project_3.srcs/sources_1/imports/Question1-2/FIFO.vhd" into library work
Parsing VHDL file "C:/Users/LEE/Desktop/project_3/project_3.srcs/sources_1/imports/Question1-2/Baud_Generator.vhd" into library work
Parsing VHDL file "C:/Users/LEE/Desktop/project_3/project_3.srcs/sources_1/imports/Question1-2/top.vhd" into library work
Parsing VHDL file "C:/Users/LEE/Desktop/project_3/project_3.srcs/sim_1/imports/Question1-2/testbench.vhd" into library work
Starting static elaboration
Completed static elaboration
Compiling package standard
Compiling package std_logic_1164
Compiling package math_real
Compiling package numeric_std
Compiling package std_logic_arith
Compiling package std_logic_unsigned
Compiling architecture arch of entity baud_Gen [\baud_Gen(6,54)\]
Compiling architecture arch of entity uart_rx [\uart_rx(8,16)\]
Compiling architecture behavioral of entity STD_FIFO [\STD_FIFO(8,256)\]
Compiling architecture rtl of entity FSM [\FSM(8)\]
Compiling architecture arch of entity uart_tx [\uart_tx(8,16)\]
Compiling architecture behavior of entity UART [\UART(6,54,8,16,256,8)\]
Compiling architecture arch of entity testbench
Time Resolution for simulation is 1ps.
Waiting for 5 sub-compilation(s) to finish...
Compiled 19 VHDL Units
Built simulation executable testbench.exe
Fuse Memory Usage: 38928 KB
Fuse CPU Usage: 795 ms
